<?xml version="1.0" encoding="UTF-8"?>
<testsuite xmlns:xsi="http://www.w3.org/2001/XMLSchema-instance" xsi:noNamespaceSchemaLocation="https://maven.apache.org/surefire/maven-surefire-plugin/xsd/surefire-test-report-3.0.xsd" version="3.0" name="TestSuite" time="24.641" tests="6" errors="0" skipped="0" failures="0">
  <properties>
[...]
</properties>
  <testcase name="createNewSurvey" classname="tests.rest.TC001_CreateSurveyRequest" time="10.399"/>
  <testcase name="createNewPage" classname="tests.rest.TC002_CreatePageRequest" time="1.419"/>
  <testcase name="createNewQuestion" classname="tests.rest.TC003_CreateQuestionsRequest" time="1.664"/>
  <testcase name="createNewQuestion" classname="tests.rest.TC003_CreateQuestionsRequest" time="0.969"/>
  <testcase name="modidyQuestion" classname="tests.rest.TC004_ModifyQuestionsRequest" time="1.81"/>
  <testcase name="deleteQuestion" classname="tests.rest.TC005_DeleteQuestionsRequest" time="0.924"/>
</testsuite>