<?xml version="1.0" encoding="UTF-8"?>
<testng-results skipped="0" failed="0" ignored="0" total="0" passed="0">
  <reporter-output>
  </reporter-output>
  <suite name="lib.rest.PreAndTest" duration-ms="22" started-at="2020-10-10T21:07:33 IST" finished-at="2020-10-10T21:07:33 IST">
    <groups>
    </groups>
    <test name="Command line test" duration-ms="22" started-at="2020-10-10T21:07:33 IST" finished-at="2020-10-10T21:07:33 IST">
      <class name="lib.rest.PreAndTest">
        <test-method status="PASS" signature="beforeSuite()[pri:0, instance:lib.rest.PreAndTest@1df90b0]" name="beforeSuite" is-config="true" duration-ms="1823" started-at="2020-10-10T21:07:31 IST" finished-at="2020-10-10T21:07:33 IST">
          <reporter-output>
          </reporter-output>
        </test-method> <!-- beforeSuite -->
        <test-method status="PASS" signature="afterTest()[pri:0, instance:lib.rest.PreAndTest@1df90b0]" name="afterTest" is-config="true" duration-ms="1" started-at="2020-10-10T21:07:33 IST" finished-at="2020-10-10T21:07:33 IST">
          <reporter-output>
          </reporter-output>
        </test-method> <!-- afterTest -->
        <test-method status="PASS" signature="afterSuite()[pri:0, instance:lib.rest.PreAndTest@1df90b0]" name="afterSuite" is-config="true" duration-ms="4" started-at="2020-10-10T21:07:33 IST" finished-at="2020-10-10T21:07:33 IST">
          <reporter-output>
          </reporter-output>
        </test-method> <!-- afterSuite -->
      </class> <!-- lib.rest.PreAndTest -->
    </test> <!-- Command line test -->
  </suite> <!-- lib.rest.PreAndTest -->
</testng-results>
